<?xml version="1.0" encoding="UTF-8"?>
<!-- Generated by org.testng.reporters.JUnitReportReporter -->
<testsuite skipped="0" hostname="DESKTOP-C0JQ1NC" name="TestGmail.MyFirstTest" tests="1" failures="0" timestamp="07 сен 2019 18:00:43 GMT" time="18.064" errors="0">
  <testcase name="setTest" time="18.064" classname="TestGmail.MyFirstTest"/>
</testsuite> <!-- TestGmail.MyFirstTest -->
